<?xml version="1.0" encoding="UTF-8"?>
<testsuite xmlns:xsi="http://www.w3.org/2001/XMLSchema-instance" xsi:noNamespaceSchemaLocation="https://maven.apache.org/surefire/maven-surefire-plugin/xsd/surefire-test-report-3.0.xsd" version="3.0" name="com.endava.calculator.CalculatorTest" time="0.042" tests="3" errors="0" skipped="0" failures="0">
  <properties>
[...]
</properties>
  <testcase name="shouldAddBigNumber" classname="com.endava.calculator.CalculatorTest" time="0.017">
    <system-out><![CDATA[Before All
Before Each
15:17:03.580 [main] INFO  com.endava.extensions.TestReporterExtension - Starting test CalculatorTest/shouldAddBigNumber()
-2147483647
15:17:03.583 [main] INFO  com.endava.extensions.TestReporterExtension - Finishing test CalculatorTest/shouldAddBigNumber()
After Each
]]></system-out>
  </testcase>
  <testcase name="shouldAddNumbersGivenOperand0" classname="com.endava.calculator.CalculatorTest" time="0.002">
    <system-out><![CDATA[Before Each
15:17:03.589 [main] INFO  com.endava.extensions.TestReporterExtension - Starting test CalculatorTest/shouldAddNumbersGivenOperand0()
2
15:17:03.589 [main] INFO  com.endava.extensions.TestReporterExtension - Finishing test CalculatorTest/shouldAddNumbersGivenOperand0()
After Each
]]></system-out>
  </testcase>
  <testcase name="shouldNegativeNumbers" classname="com.endava.calculator.CalculatorTest" time="0.002">
    <system-out><![CDATA[Before Each
15:17:03.591 [main] INFO  com.endava.extensions.TestReporterExtension - Starting test CalculatorTest/shouldNegativeNumbers()
-6
15:17:03.591 [main] INFO  com.endava.extensions.TestReporterExtension - Finishing test CalculatorTest/shouldNegativeNumbers()
After Each
]]></system-out>
  </testcase>
</testsuite>